<?xml version="1.0" encoding="UTF-8"?>
<!-- Generated by org.testng.reporters.JUnitReportReporter -->
<testsuite hostname="DESKTOP-R42C9RG" name="Mobile_Selenium_TestNG_Maven_Assignment.AndriodAppiumAssignment.DW007_TC" tests="1" failures="0" timestamp="28 Sep 2020 09:01:03 GMT" time="15.403" errors="0">
  <testcase name="Login" time="15.403" classname="Mobile_Selenium_TestNG_Maven_Assignment.AndriodAppiumAssignment.DW007_TC"/>
</testsuite> <!-- Mobile_Selenium_TestNG_Maven_Assignment.AndriodAppiumAssignment.DW007_TC -->
